<?xml version="1.0" encoding="UTF-8"?>
<!-- Generated by org.testng.reporters.JUnitReportReporter -->
<testsuite hostname="DESKTOP-0DR6D8M" failures="0" tests="1" name="test.ExtentReportDemoWithTestNG" time="2.576" errors="0" timestamp="2023-08-02T22:47:28 IST" skipped="0">
  <testcase classname="test.ExtentReportDemoWithTestNG" name="test1" time="2.576"/>
  <system-out/>
</testsuite> <!-- test.ExtentReportDemoWithTestNG -->
