<?xml version="1.0" encoding="UTF-8"?>
<!-- Generated by org.testng.reporters.JUnitReportReporter -->
<testsuite hostname="DESKTOP-0DR6D8M" failures="0" tests="3" name="demo.TestNGPriorityDemo" time="0.011" errors="0" timestamp="2023-08-04T23:16:41 IST" skipped="0">
  <testcase classname="demo.TestNGPriorityDemo" name="test1" time="0.009"/>
  <system-out/>
  <testcase classname="demo.TestNGPriorityDemo" name="test3" time="0.001"/>
  <system-out/>
  <testcase classname="demo.TestNGPriorityDemo" name="test2" time="0.001"/>
  <system-out/>
</testsuite> <!-- demo.TestNGPriorityDemo -->
