<?xml version="1.0" encoding="UTF-8"?>
<!-- Generated by org.testng.reporters.JUnitReportReporter -->
<testsuite hostname="DESKTOP-0DR6D8M" failures="0" tests="1" name="utils.ExcelDataProvider" time="9.046" errors="0" timestamp="2023-08-04T19:02:13 IST" skipped="0">
  <testcase classname="utils.ExcelDataProvider" name="test1" time="9.046"/>
  <system-out/>
</testsuite> <!-- utils.ExcelDataProvider -->
