<?xml version="1.0" encoding="UTF-8"?>
<!-- Generated by org.testng.reporters.JUnitReportReporter -->
<testsuite hostname="DESKTOP-0DR6D8M" failures="0" tests="5" name="demo.TestNGGroupsDemo" time="0.023" errors="0" timestamp="2023-08-05T16:50:27 IST" skipped="0">
  <testcase classname="demo.TestNGGroupsDemo" name="test1" time="0.011"/>
  <system-out/>
  <testcase classname="demo.TestNGGroupsDemo" name="test5" time="0.009"/>
  <system-out/>
  <testcase classname="demo.TestNGGroupsDemo" name="test3" time="0.001"/>
  <system-out/>
  <testcase classname="demo.TestNGGroupsDemo" name="test4" time="0.001"/>
  <system-out/>
  <testcase classname="demo.TestNGGroupsDemo" name="test2" time="0.001"/>
  <system-out/>
</testsuite> <!-- demo.TestNGGroupsDemo -->
