<?xml version="1.0" encoding="UTF-8"?>
<!-- Generated by org.testng.reporters.JUnitReportReporter -->
<testsuite hostname="DESKTOP-0DR6D8M" failures="0" tests="1" name="demo.TestNGParameterDemo" time="0.006" errors="0" timestamp="2023-08-05T13:59:18 IST" skipped="0">
  <testcase classname="demo.TestNGParameterDemo" name="test" time="0.006"/>
  <system-out/>
</testsuite> <!-- demo.TestNGParameterDemo -->
