<?xml version="1.0" encoding="UTF-8"?>
<!-- Generated by org.testng.reporters.JUnitReportReporter -->
<testsuite hostname="DESKTOP-0DR6D8M" failures="0" tests="1" name="demo.TestNGIgnoreDemo" time="0.012" errors="0" timestamp="2023-08-05T17:19:24 IST" skipped="0">
  <testcase classname="demo.TestNGIgnoreDemo" name="test2" time="0.012"/>
  <system-out/>
</testsuite> <!-- demo.TestNGIgnoreDemo -->
