<?xml version="1.0" encoding="UTF-8"?>
<!-- Generated by org.testng.reporters.JUnitReportReporter -->
<testsuite hostname="DESKTOP-0DR6D8M" failures="0" tests="1" name="test.Test_GoogleSearchPageFactory2_TestNg_Demo" time="0.472" errors="0" timestamp="2023-08-03T21:12:12 IST" skipped="0">
  <testcase classname="test.Test_GoogleSearchPageFactory2_TestNg_Demo" name="googleSearch" time="0.472"/>
  <system-out/>
</testsuite> <!-- test.Test_GoogleSearchPageFactory2_TestNg_Demo -->
