<?xml version="1.0" encoding="UTF-8"?>
<!-- Generated by org.testng.reporters.JUnitReportReporter -->
<testsuite hostname="DESKTOP-0DR6D8M" failures="0" tests="3" name="demo.TestNGDependencyDemo" time="0.011" errors="0" timestamp="2023-08-05T16:50:55 IST" skipped="0">
  <testcase classname="demo.TestNGDependencyDemo" name="test2" time="0.008"/>
  <system-out/>
  <testcase classname="demo.TestNGDependencyDemo" name="test1" time="0.001"/>
  <system-out/>
  <testcase classname="demo.TestNGDependencyDemo" name="test3" time="0.002"/>
  <system-out/>
</testsuite> <!-- demo.TestNGDependencyDemo -->
